2012-12-13 17:09:07,565 INFO  [org.apache.coyote.http11.Http11Protocol] (Thread-2) Starting Coyote HTTP/1.1 on http-0.0.0.0-8080
2012-12-13 17:09:07,575 INFO  [org.apache.coyote.ajp.AjpProtocol] (Thread-2) Starting Coyote AJP/1.3 on ajp-0.0.0.0-8009
2012-12-13 17:09:07,576 INFO  [org.jboss.bootstrap.impl.base.server.AbstractServer] (Thread-2) JBossAS [6.1.0.Final "Neo"] Started in 1m:9s:631ms
2012-12-13 17:09:41,435 INFO  [ProfileLoginModule] (http-0.0.0.0-8080-2) pre connect WSAutenticacaoService
2012-12-13 17:09:43,127 INFO  [ProfileLoginModule] (http-0.0.0.0-8080-2) org.apache.cxf.service.factory.ServiceConstructionException: Failed to create service.: javax.xml.ws.WebServiceException: org.apache.cxf.service.factory.ServiceConstructionException: Failed to create service.
	at org.apache.cxf.jaxws.ServiceImpl.<init>(ServiceImpl.java:152) [:2.3.1-patch-01]
	at org.jboss.wsf.stack.cxf.client.ProviderImpl.createServiceDelegate(ProviderImpl.java:71) [:3.4.1.GA]
	at javax.xml.ws.Service.<init>(Service.java:57) [:1.0.0.Final]
	at br.com.dataprimer.profile.client.WSAutenticacaoService.<init>(WSAutenticacaoService.java:48) [:]
	at br.com.dataprimer.profile.ProfileLoginModule.connectToService(ProfileLoginModule.java:386) [:]
	at br.com.dataprimer.profile.ProfileLoginModule.autenticar(ProfileLoginModule.java:298) [:]
	at br.com.dataprimer.profile.ProfileLoginModule.login(ProfileLoginModule.java:210) [:]
	at sun.reflect.NativeMethodAccessorImpl.invoke0(Native Method) [:1.6.0_21]
	at sun.reflect.NativeMethodAccessorImpl.invoke(NativeMethodAccessorImpl.java:39) [:1.6.0_21]
	at sun.reflect.DelegatingMethodAccessorImpl.invoke(DelegatingMethodAccessorImpl.java:25) [:1.6.0_21]
	at java.lang.reflect.Method.invoke(Method.java:597) [:1.6.0_21]
	at javax.security.auth.login.LoginContext.invoke(LoginContext.java:769) [:1.6.0_21]
	at javax.security.auth.login.LoginContext.access$000(LoginContext.java:186) [:1.6.0_21]
	at javax.security.auth.login.LoginContext$4.run(LoginContext.java:683) [:1.6.0_21]
	at java.security.AccessController.doPrivileged(Native Method) [:1.6.0_21]
	at javax.security.auth.login.LoginContext.invokePriv(LoginContext.java:680) [:1.6.0_21]
	at javax.security.auth.login.LoginContext.login(LoginContext.java:579) [:1.6.0_21]
	at org.jboss.security.plugins.auth.JaasSecurityManagerBase.defaultLogin(JaasSecurityManagerBase.java:553) [:3.0.0.CR2]
	at org.jboss.security.plugins.auth.JaasSecurityManagerBase.authenticate(JaasSecurityManagerBase.java:487) [:3.0.0.CR2]
	at org.jboss.security.plugins.auth.JaasSecurityManagerBase.isValid(JaasSecurityManagerBase.java:365) [:3.0.0.CR2]
	at org.jboss.security.plugins.JaasSecurityManager.isValid(JaasSecurityManager.java:160) [:6.1.0.Final]
	at org.jboss.web.tomcat.security.JBossWebRealm.authenticate(JBossWebRealm.java:399) [:6.1.0.Final]
	at org.apache.catalina.authenticator.FormAuthenticator.authenticate(FormAuthenticator.java:256) [:6.1.0.Final]
	at org.apache.catalina.authenticator.AuthenticatorBase.invoke(AuthenticatorBase.java:485) [:6.1.0.Final]
	at org.jboss.modcluster.catalina.CatalinaContext$RequestListenerValve.event(CatalinaContext.java:285) [:1.1.0.Final]
	at org.jboss.modcluster.catalina.CatalinaContext$RequestListenerValve.invoke(CatalinaContext.java:261) [:1.1.0.Final]
	at org.jboss.web.tomcat.security.JaccContextValve.invoke(JaccContextValve.java:88) [:6.1.0.Final]
	at org.jboss.web.tomcat.security.SecurityContextEstablishmentValve.invoke(SecurityContextEstablishmentValve.java:100) [:6.1.0.Final]
	at org.apache.catalina.core.StandardHostValve.invoke(StandardHostValve.java:159) [:6.1.0.Final]
	at org.apache.catalina.valves.ErrorReportValve.invoke(ErrorReportValve.java:102) [:6.1.0.Final]
	at org.jboss.web.tomcat.service.jca.CachedConnectionValve.invoke(CachedConnectionValve.java:158) [:6.1.0.Final]
	at org.apache.catalina.core.StandardEngineValve.invoke(StandardEngineValve.java:109) [:6.1.0.Final]
	at org.jboss.web.tomcat.service.request.ActiveRequestResponseCacheValve.invoke(ActiveRequestResponseCacheValve.java:53) [:6.1.0.Final]
	at org.apache.catalina.connector.CoyoteAdapter.service(CoyoteAdapter.java:362) [:6.1.0.Final]
	at org.apache.coyote.http11.Http11Processor.process(Http11Processor.java:877) [:6.1.0.Final]
	at org.apache.coyote.http11.Http11Protocol$Http11ConnectionHandler.process(Http11Protocol.java:654) [:6.1.0.Final]
	at org.apache.tomcat.util.net.JIoEndpoint$Worker.run(JIoEndpoint.java:951) [:6.1.0.Final]
	at java.lang.Thread.run(Thread.java:619) [:1.6.0_21]
Caused by: org.apache.cxf.service.factory.ServiceConstructionException: Failed to create service.
	at org.apache.cxf.wsdl11.WSDLServiceFactory.<init>(WSDLServiceFactory.java:93) [:2.3.1-patch-01]
	at org.apache.cxf.jaxws.ServiceImpl.initializePorts(ServiceImpl.java:207) [:2.3.1-patch-01]
	at org.apache.cxf.jaxws.ServiceImpl.<init>(ServiceImpl.java:150) [:2.3.1-patch-01]
	... 37 more
Caused by: javax.wsdl.WSDLException: WSDLException: faultCode=PARSER_ERROR: java.lang.IllegalStateException: Current state not PROCESSING_INSTRUCTION
	at org.apache.cxf.wsdl11.WSDLManagerImpl.loadDefinition(WSDLManagerImpl.java:235) [:2.3.1-patch-01]
	at org.apache.cxf.wsdl11.WSDLManagerImpl.getDefinition(WSDLManagerImpl.java:186) [:2.3.1-patch-01]
	at org.apache.cxf.wsdl11.WSDLServiceFactory.<init>(WSDLServiceFactory.java:91) [:2.3.1-patch-01]
	... 39 more
Caused by: java.lang.IllegalStateException: Current state not PROCESSING_INSTRUCTION
	at com.ctc.wstx.sr.BasicStreamReader.getPITarget(BasicStreamReader.java:790) [:3.2.6]
	at org.apache.cxf.staxutils.StaxUtils.readDocElements(StaxUtils.java:991) [:2.3.1-patch-01]
	at org.apache.cxf.staxutils.StaxUtils.read(StaxUtils.java:849) [:2.3.1-patch-01]
	at org.apache.cxf.wsdl11.WSDLManagerImpl.loadDefinition(WSDLManagerImpl.java:226) [:2.3.1-patch-01]
	... 41 more

2012-12-13 17:09:43,141 INFO  [STDOUT] (http-0.0.0.0-8080-2) finally
2012-12-13 17:09:47,100 INFO  [ProfileLoginModule] (http-0.0.0.0-8080-2) pre connect WSAutenticacaoService
2012-12-13 17:09:47,319 INFO  [ProfileLoginModule] (http-0.0.0.0-8080-2) org.apache.cxf.service.factory.ServiceConstructionException: Failed to create service.: javax.xml.ws.WebServiceException: org.apache.cxf.service.factory.ServiceConstructionException: Failed to create service.
	at org.apache.cxf.jaxws.ServiceImpl.<init>(ServiceImpl.java:152) [:2.3.1-patch-01]
	at org.jboss.wsf.stack.cxf.client.ProviderImpl.createServiceDelegate(ProviderImpl.java:71) [:3.4.1.GA]
	at javax.xml.ws.Service.<init>(Service.java:57) [:1.0.0.Final]
	at br.com.dataprimer.profile.client.WSAutenticacaoService.<init>(WSAutenticacaoService.java:48) [:]
	at br.com.dataprimer.profile.ProfileLoginModule.connectToService(ProfileLoginModule.java:386) [:]
	at br.com.dataprimer.profile.ProfileLoginModule.autenticar(ProfileLoginModule.java:298) [:]
	at br.com.dataprimer.profile.ProfileLoginModule.login(ProfileLoginModule.java:210) [:]
	at sun.reflect.NativeMethodAccessorImpl.invoke0(Native Method) [:1.6.0_21]
	at sun.reflect.NativeMethodAccessorImpl.invoke(NativeMethodAccessorImpl.java:39) [:1.6.0_21]
	at sun.reflect.DelegatingMethodAccessorImpl.invoke(DelegatingMethodAccessorImpl.java:25) [:1.6.0_21]
	at java.lang.reflect.Method.invoke(Method.java:597) [:1.6.0_21]
	at javax.security.auth.login.LoginContext.invoke(LoginContext.java:769) [:1.6.0_21]
	at javax.security.auth.login.LoginContext.access$000(LoginContext.java:186) [:1.6.0_21]
	at javax.security.auth.login.LoginContext$4.run(LoginContext.java:683) [:1.6.0_21]
	at java.security.AccessController.doPrivileged(Native Method) [:1.6.0_21]
	at javax.security.auth.login.LoginContext.invokePriv(LoginContext.java:680) [:1.6.0_21]
	at javax.security.auth.login.LoginContext.login(LoginContext.java:579) [:1.6.0_21]
	at org.jboss.security.plugins.auth.JaasSecurityManagerBase.defaultLogin(JaasSecurityManagerBase.java:553) [:3.0.0.CR2]
	at org.jboss.security.plugins.auth.JaasSecurityManagerBase.authenticate(JaasSecurityManagerBase.java:487) [:3.0.0.CR2]
	at org.jboss.security.plugins.auth.JaasSecurityManagerBase.isValid(JaasSecurityManagerBase.java:365) [:3.0.0.CR2]
	at org.jboss.security.plugins.JaasSecurityManager.isValid(JaasSecurityManager.java:160) [:6.1.0.Final]
	at org.jboss.web.tomcat.security.JBossWebRealm.authenticate(JBossWebRealm.java:399) [:6.1.0.Final]
	at org.apache.catalina.authenticator.FormAuthenticator.authenticate(FormAuthenticator.java:256) [:6.1.0.Final]
	at org.apache.catalina.authenticator.AuthenticatorBase.invoke(AuthenticatorBase.java:485) [:6.1.0.Final]
	at org.jboss.modcluster.catalina.CatalinaContext$RequestListenerValve.event(CatalinaContext.java:285) [:1.1.0.Final]
	at org.jboss.modcluster.catalina.CatalinaContext$RequestListenerValve.invoke(CatalinaContext.java:261) [:1.1.0.Final]
	at org.jboss.web.tomcat.security.JaccContextValve.invoke(JaccContextValve.java:88) [:6.1.0.Final]
	at org.jboss.web.tomcat.security.SecurityContextEstablishmentValve.invoke(SecurityContextEstablishmentValve.java:100) [:6.1.0.Final]
	at org.apache.catalina.core.StandardHostValve.invoke(StandardHostValve.java:159) [:6.1.0.Final]
	at org.apache.catalina.valves.ErrorReportValve.invoke(ErrorReportValve.java:102) [:6.1.0.Final]
	at org.jboss.web.tomcat.service.jca.CachedConnectionValve.invoke(CachedConnectionValve.java:158) [:6.1.0.Final]
	at org.apache.catalina.core.StandardEngineValve.invoke(StandardEngineValve.java:109) [:6.1.0.Final]
	at org.jboss.web.tomcat.service.request.ActiveRequestResponseCacheValve.invoke(ActiveRequestResponseCacheValve.java:53) [:6.1.0.Final]
	at org.apache.catalina.connector.CoyoteAdapter.service(CoyoteAdapter.java:362) [:6.1.0.Final]
	at org.apache.coyote.http11.Http11Processor.process(Http11Processor.java:877) [:6.1.0.Final]
	at org.apache.coyote.http11.Http11Protocol$Http11ConnectionHandler.process(Http11Protocol.java:654) [:6.1.0.Final]
	at org.apache.tomcat.util.net.JIoEndpoint$Worker.run(JIoEndpoint.java:951) [:6.1.0.Final]
	at java.lang.Thread.run(Thread.java:619) [:1.6.0_21]
Caused by: org.apache.cxf.service.factory.ServiceConstructionException: Failed to create service.
	at org.apache.cxf.wsdl11.WSDLServiceFactory.<init>(WSDLServiceFactory.java:93) [:2.3.1-patch-01]
	at org.apache.cxf.jaxws.ServiceImpl.initializePorts(ServiceImpl.java:207) [:2.3.1-patch-01]
	at org.apache.cxf.jaxws.ServiceImpl.<init>(ServiceImpl.java:150) [:2.3.1-patch-01]
	... 37 more
Caused by: javax.wsdl.WSDLException: WSDLException: faultCode=PARSER_ERROR: java.lang.IllegalStateException: Current state not PROCESSING_INSTRUCTION
	at org.apache.cxf.wsdl11.WSDLManagerImpl.loadDefinition(WSDLManagerImpl.java:235) [:2.3.1-patch-01]
	at org.apache.cxf.wsdl11.WSDLManagerImpl.getDefinition(WSDLManagerImpl.java:186) [:2.3.1-patch-01]
	at org.apache.cxf.wsdl11.WSDLServiceFactory.<init>(WSDLServiceFactory.java:91) [:2.3.1-patch-01]
	... 39 more
Caused by: java.lang.IllegalStateException: Current state not PROCESSING_INSTRUCTION
	at com.ctc.wstx.sr.BasicStreamReader.getPITarget(BasicStreamReader.java:790) [:3.2.6]
	at org.apache.cxf.staxutils.StaxUtils.readDocElements(StaxUtils.java:991) [:2.3.1-patch-01]
	at org.apache.cxf.staxutils.StaxUtils.read(StaxUtils.java:849) [:2.3.1-patch-01]
	at org.apache.cxf.wsdl11.WSDLManagerImpl.loadDefinition(WSDLManagerImpl.java:226) [:2.3.1-patch-01]
	... 41 more

2012-12-13 17:09:47,323 INFO  [STDOUT] (http-0.0.0.0-8080-2) finally
